[02:56:39] [Server thread/INFO]: Starting minecraft server version 1.12
[02:56:39] [Server thread/INFO]: Loading properties
[02:56:39] [Server thread/INFO]: Default game type: SURVIVAL
[02:56:39] [Server thread/INFO]: Generating keypair
[02:56:39] [Server thread/INFO]: Starting Minecraft server on *:25565
[02:56:39] [Server thread/INFO]: Using epoll channel type
[02:56:40] [Server thread/INFO]: Preparing level "world"
[02:56:40] [Server thread/INFO]: Loaded 488 advancements
[02:56:40] [Server thread/INFO]: Preparing start region for level 0
[02:56:41] [Server thread/INFO]: Preparing spawn area: 11%
[02:56:42] [Server thread/INFO]: Preparing spawn area: 25%
[02:56:43] [Server thread/INFO]: Preparing spawn area: 42%
[02:56:44] [Server thread/INFO]: Preparing spawn area: 58%
[02:56:45] [Server thread/INFO]: Preparing spawn area: 77%
[02:56:46] [Server thread/INFO]: Preparing spawn area: 98%
[02:56:46] [Server thread/INFO]: Done (6.744s)! For help, type "help" or "?"
[03:01:30] [User Authenticator #1/INFO]: Disconnecting /[0:0:0:0:0:0:0:1%0]:58888: Failed to verify username!
[03:01:30] [User Authenticator #1/ERROR]: Username 'TRECETRECETRECE' tried to join with an invalid session
[03:01:30] [Server thread/INFO]: /[0:0:0:0:0:0:0:1%0]:58888 lost connection: Failed to verify username!
[03:01:51] [Server Shutdown Thread/INFO]: Stopping server
